--------------------
--- Top Trumps   ---
--------------------
The Whole cardPile readed
350r,1,9,2,3,0
Avenger,2,5,4,3,2
Carrack,6,2,10,4,6
Constellation,4,5,7,3,4
Hawk,1,3,2,4,0
Hornet,2,5,3,4,1
Hurricane,2,5,3,5,0
Idris,8,2,7,10,6
m50,1,10,2,2,0
Merchantman,7,3,5,6,8
Orion,10,1,6,2,9
Sabre,2,7,2,5,0
Vanguard,3,4,5,5,2
350r,1,9,2,3,0
Avenger,2,5,4,3,2
Carrack,6,2,10,4,6
Constellation,4,5,7,3,4
Hawk,1,3,2,4,0
Hornet,2,5,3,4,1
Hurricane,2,5,3,5,0
Idris,8,2,7,10,6
m50,1,10,2,2,0
Merchantman,7,3,5,6,8
Orion,10,1,6,2,9
Sabre,2,7,2,5,0
Vanguard,3,4,5,5,2
350r,1,9,2,3,0
Avenger,2,5,4,3,2
Carrack,6,2,10,4,6
Constellation,4,5,7,3,4
Hawk,1,3,2,4,0
Hornet,2,5,3,4,1
Hurricane,2,5,3,5,0
Idris,8,2,7,10,6
m50,1,10,2,2,0
Merchantman,7,3,5,6,8
Orion,10,1,6,2,9
Sabre,2,7,2,5,0
Vanguard,3,4,5,5,2
Avenger,2,5,4,3,2


----------
==========================Round 1==================== 
----------
Common Card Pile : 

350r,1,9,2,3,0

----------
The card in play----------
You : Avenger,2,5,4,3,2
Player_AI_1 : Hawk,1,3,2,4,0
Player_AI_2 : Hawk,1,3,2,4,0
----------
The category of each player selected----------
You : Firepower : 3
Player_AI_1 : Firepower : 4
Player_AI_2 : Firepower : 4
----------
this round is draw
The Player cardPile: 
You
---------------------
Sabre,2,7,2,5,0
Orion,10,1,6,2,9
Vanguard,3,4,5,5,2
Idris,8,2,7,10,6
m50,1,10,2,2,0
Hurricane,2,5,3,5,0
Orion,10,1,6,2,9
Sabre,2,7,2,5,0
Vanguard,3,4,5,5,2
Merchantman,7,3,5,6,8
Sabre,2,7,2,5,0
Hawk,1,3,2,4,0

Player_AI_1
---------------------
Avenger,2,5,4,3,2
m50,1,10,2,2,0
Hurricane,2,5,3,5,0
Hornet,2,5,3,4,1
Hurricane,2,5,3,5,0
350r,1,9,2,3,0
Vanguard,3,4,5,5,2
Constellation,4,5,7,3,4
m50,1,10,2,2,0
Hornet,2,5,3,4,1
Carrack,6,2,10,4,6
Constellation,4,5,7,3,4

Player_AI_2
---------------------
Hornet,2,5,3,4,1
350r,1,9,2,3,0
Carrack,6,2,10,4,6
Idris,8,2,7,10,6
Carrack,6,2,10,4,6
Idris,8,2,7,10,6
Merchantman,7,3,5,6,8
Avenger,2,5,4,3,2
Merchantman,7,3,5,6,8
Orion,10,1,6,2,9
Avenger,2,5,4,3,2
Constellation,4,5,7,3,4

----------
